[16-Jan-2024 09:59:46 America/Mexico_City] PHP Fatal error:  Uncaught Error: Class "App\models\AdministrativeUnit" not found in /home/eduardo/Documentos/ICEGEM/IVDA/src/controllers/HomeController.php:25
Stack trace:
#0 [internal function]: App\controllers\HomeController->getDashboardData()
#1 /home/eduardo/Documentos/ICEGEM/IVDA/vendor/bramus/router/src/Bramus/Router/Router.php(482): call_user_func_array()
#2 /home/eduardo/Documentos/ICEGEM/IVDA/vendor/bramus/router/src/Bramus/Router/Router.php(440): Bramus\Router\Router->invoke()
#3 /home/eduardo/Documentos/ICEGEM/IVDA/vendor/bramus/router/src/Bramus/Router/Router.php(287): Bramus\Router\Router->handle()
#4 /home/eduardo/Documentos/ICEGEM/IVDA/src/lib/routes.php(100): Bramus\Router\Router->run()
#5 /home/eduardo/Documentos/ICEGEM/IVDA/public/index.php(15): require('...')
#6 {main}
  thrown in /home/eduardo/Documentos/ICEGEM/IVDA/src/controllers/HomeController.php on line 25
[16-Jan-2024 10:12:28 America/Mexico_City] PHP Warning:  Undefined variable $table in /home/eduardo/Documentos/ICEGEM/IVDA/src/models/Location.php on line 27
[16-Jan-2024 10:30:45 America/Mexico_City] PHP Warning:  Undefined variable $table in /home/eduardo/Documentos/ICEGEM/IVDA/src/models/Location.php on line 27
[16-Jan-2024 10:30:56 America/Mexico_City] PHP Warning:  Undefined variable $table in /home/eduardo/Documentos/ICEGEM/IVDA/src/models/Location.php on line 27
[16-Jan-2024 10:31:03 America/Mexico_City] PHP Warning:  Undefined variable $table in /home/eduardo/Documentos/ICEGEM/IVDA/src/models/Location.php on line 27
[16-Jan-2024 10:38:49 America/Mexico_City] PHP Fatal error:  Uncaught Error: Class "App\models\AdministrativeUnit" not found in /home/eduardo/Documentos/ICEGEM/IVDA/src/controllers/HomeController.php:25
Stack trace:
#0 [internal function]: App\controllers\HomeController->getDashboardData()
#1 /home/eduardo/Documentos/ICEGEM/IVDA/vendor/bramus/router/src/Bramus/Router/Router.php(482): call_user_func_array()
#2 /home/eduardo/Documentos/ICEGEM/IVDA/vendor/bramus/router/src/Bramus/Router/Router.php(440): Bramus\Router\Router->invoke()
#3 /home/eduardo/Documentos/ICEGEM/IVDA/vendor/bramus/router/src/Bramus/Router/Router.php(287): Bramus\Router\Router->handle()
#4 /home/eduardo/Documentos/ICEGEM/IVDA/src/lib/routes.php(100): Bramus\Router\Router->run()
#5 /home/eduardo/Documentos/ICEGEM/IVDA/public/index.php(15): require('...')
#6 {main}
  thrown in /home/eduardo/Documentos/ICEGEM/IVDA/src/controllers/HomeController.php on line 25
[16-Jan-2024 14:11:46 America/Mexico_City] PHP Warning:  Undefined array key "id" in /home/eduardo/Documentos/ICEGEM/IVDA/src/controllers/InventoryController.php on line 56
[16-Jan-2024 14:16:58 America/Mexico_City] PHP Fatal error:  Uncaught Error: Class "App\models\AdministrativeUnit" not found in /home/eduardo/Documentos/ICEGEM/IVDA/src/controllers/HomeController.php:25
Stack trace:
#0 [internal function]: App\controllers\HomeController->getDashboardData()
#1 /home/eduardo/Documentos/ICEGEM/IVDA/vendor/bramus/router/src/Bramus/Router/Router.php(482): call_user_func_array()
#2 /home/eduardo/Documentos/ICEGEM/IVDA/vendor/bramus/router/src/Bramus/Router/Router.php(440): Bramus\Router\Router->invoke()
#3 /home/eduardo/Documentos/ICEGEM/IVDA/vendor/bramus/router/src/Bramus/Router/Router.php(287): Bramus\Router\Router->handle()
#4 /home/eduardo/Documentos/ICEGEM/IVDA/src/lib/routes.php(103): Bramus\Router\Router->run()
#5 /home/eduardo/Documentos/ICEGEM/IVDA/public/index.php(15): require('...')
#6 {main}
  thrown in /home/eduardo/Documentos/ICEGEM/IVDA/src/controllers/HomeController.php on line 25
[16-Jan-2024 14:41:21 America/Mexico_City] PHP Fatal error:  Uncaught Error: Typed property App\models\Inventory::$id must not be accessed before initialization in /home/eduardo/Documentos/ICEGEM/IVDA/src/controllers/InventoryController.php:74
Stack trace:
#0 [internal function]: App\controllers\InventoryController->save()
#1 /home/eduardo/Documentos/ICEGEM/IVDA/vendor/bramus/router/src/Bramus/Router/Router.php(482): call_user_func_array()
#2 /home/eduardo/Documentos/ICEGEM/IVDA/vendor/bramus/router/src/Bramus/Router/Router.php(440): Bramus\Router\Router->invoke()
#3 /home/eduardo/Documentos/ICEGEM/IVDA/vendor/bramus/router/src/Bramus/Router/Router.php(287): Bramus\Router\Router->handle()
#4 /home/eduardo/Documentos/ICEGEM/IVDA/src/lib/routes.php(103): Bramus\Router\Router->run()
#5 /home/eduardo/Documentos/ICEGEM/IVDA/public/index.php(15): require('...')
#6 {main}
  thrown in /home/eduardo/Documentos/ICEGEM/IVDA/src/controllers/InventoryController.php on line 74
[16-Jan-2024 14:41:54 America/Mexico_City] PHP Deprecated:  Creation of dynamic property App\models\Inventory::$start_date is deprecated in /home/eduardo/Documentos/ICEGEM/IVDA/src/models/Inventory.php on line 69
[16-Jan-2024 14:42:05 America/Mexico_City] PHP Fatal error:  Uncaught Error: Typed property App\models\Inventory::$id must not be accessed before initialization in /home/eduardo/Documentos/ICEGEM/IVDA/src/controllers/InventoryController.php:74
Stack trace:
#0 [internal function]: App\controllers\InventoryController->save()
#1 /home/eduardo/Documentos/ICEGEM/IVDA/vendor/bramus/router/src/Bramus/Router/Router.php(482): call_user_func_array()
#2 /home/eduardo/Documentos/ICEGEM/IVDA/vendor/bramus/router/src/Bramus/Router/Router.php(440): Bramus\Router\Router->invoke()
#3 /home/eduardo/Documentos/ICEGEM/IVDA/vendor/bramus/router/src/Bramus/Router/Router.php(287): Bramus\Router\Router->handle()
#4 /home/eduardo/Documentos/ICEGEM/IVDA/src/lib/routes.php(103): Bramus\Router\Router->run()
#5 /home/eduardo/Documentos/ICEGEM/IVDA/public/index.php(15): require('...')
#6 {main}
  thrown in /home/eduardo/Documentos/ICEGEM/IVDA/src/controllers/InventoryController.php on line 74
[16-Jan-2024 14:47:26 America/Mexico_City] PHP Deprecated:  Creation of dynamic property App\models\Inventory::$start_date is deprecated in /home/eduardo/Documentos/ICEGEM/IVDA/src/models/Inventory.php on line 29
[16-Jan-2024 14:47:26 America/Mexico_City] PHP Fatal error:  Uncaught Error: Typed property App\models\Inventory::$id must not be accessed before initialization in /home/eduardo/Documentos/ICEGEM/IVDA/src/controllers/InventoryController.php:78
Stack trace:
#0 [internal function]: App\controllers\InventoryController->save()
#1 /home/eduardo/Documentos/ICEGEM/IVDA/vendor/bramus/router/src/Bramus/Router/Router.php(482): call_user_func_array()
#2 /home/eduardo/Documentos/ICEGEM/IVDA/vendor/bramus/router/src/Bramus/Router/Router.php(440): Bramus\Router\Router->invoke()
#3 /home/eduardo/Documentos/ICEGEM/IVDA/vendor/bramus/router/src/Bramus/Router/Router.php(287): Bramus\Router\Router->handle()
#4 /home/eduardo/Documentos/ICEGEM/IVDA/src/lib/routes.php(103): Bramus\Router\Router->run()
#5 /home/eduardo/Documentos/ICEGEM/IVDA/public/index.php(15): require('...')
#6 {main}
  thrown in /home/eduardo/Documentos/ICEGEM/IVDA/src/controllers/InventoryController.php on line 78
[16-Jan-2024 14:48:09 America/Mexico_City] PHP Deprecated:  Creation of dynamic property App\models\Inventory::$start_date is deprecated in /home/eduardo/Documentos/ICEGEM/IVDA/src/models/Inventory.php on line 69
[16-Jan-2024 14:48:09 America/Mexico_City] PHP Deprecated:  Creation of dynamic property App\models\Inventory::$start_date is deprecated in /home/eduardo/Documentos/ICEGEM/IVDA/src/models/Inventory.php on line 69
[16-Jan-2024 14:48:09 America/Mexico_City] PHP Deprecated:  Creation of dynamic property App\models\Inventory::$start_date is deprecated in /home/eduardo/Documentos/ICEGEM/IVDA/src/models/Inventory.php on line 69
[16-Jan-2024 14:48:44 America/Mexico_City] PHP Deprecated:  Creation of dynamic property App\models\Inventory::$start_date is deprecated in /home/eduardo/Documentos/ICEGEM/IVDA/src/models/Inventory.php on line 69
[16-Jan-2024 14:48:44 America/Mexico_City] PHP Deprecated:  Creation of dynamic property App\models\Inventory::$start_date is deprecated in /home/eduardo/Documentos/ICEGEM/IVDA/src/models/Inventory.php on line 69
[16-Jan-2024 14:48:44 America/Mexico_City] PHP Deprecated:  Creation of dynamic property App\models\Inventory::$start_date is deprecated in /home/eduardo/Documentos/ICEGEM/IVDA/src/models/Inventory.php on line 69
[16-Jan-2024 14:49:45 America/Mexico_City] PHP Deprecated:  Creation of dynamic property App\models\Inventory::$start_date is deprecated in /home/eduardo/Documentos/ICEGEM/IVDA/src/models/Inventory.php on line 69
[16-Jan-2024 14:49:45 America/Mexico_City] PHP Deprecated:  Creation of dynamic property App\models\Inventory::$start_date is deprecated in /home/eduardo/Documentos/ICEGEM/IVDA/src/models/Inventory.php on line 69
[16-Jan-2024 14:49:45 America/Mexico_City] PHP Deprecated:  Creation of dynamic property App\models\Inventory::$start_date is deprecated in /home/eduardo/Documentos/ICEGEM/IVDA/src/models/Inventory.php on line 69
[16-Jan-2024 14:49:53 America/Mexico_City] PHP Deprecated:  Creation of dynamic property App\models\Inventory::$start_date is deprecated in /home/eduardo/Documentos/ICEGEM/IVDA/src/models/Inventory.php on line 29
[16-Jan-2024 14:49:53 America/Mexico_City] PHP Fatal error:  Uncaught TypeError: App\models\Inventory::attachData(): Argument #3 ($locationId) must be of type string, App\models\Location given, called in /home/eduardo/Documentos/ICEGEM/IVDA/src/controllers/InventoryController.php on line 78 and defined in /home/eduardo/Documentos/ICEGEM/IVDA/src/models/Inventory.php:116
Stack trace:
#0 /home/eduardo/Documentos/ICEGEM/IVDA/src/controllers/InventoryController.php(78): App\models\Inventory->attachData()
#1 [internal function]: App\controllers\InventoryController->save()
#2 /home/eduardo/Documentos/ICEGEM/IVDA/vendor/bramus/router/src/Bramus/Router/Router.php(482): call_user_func_array()
#3 /home/eduardo/Documentos/ICEGEM/IVDA/vendor/bramus/router/src/Bramus/Router/Router.php(440): Bramus\Router\Router->invoke()
#4 /home/eduardo/Documentos/ICEGEM/IVDA/vendor/bramus/router/src/Bramus/Router/Router.php(287): Bramus\Router\Router->handle()
#5 /home/eduardo/Documentos/ICEGEM/IVDA/src/lib/routes.php(103): Bramus\Router\Router->run()
#6 /home/eduardo/Documentos/ICEGEM/IVDA/public/index.php(15): require('...')
#7 {main}
  thrown in /home/eduardo/Documentos/ICEGEM/IVDA/src/models/Inventory.php on line 116
[16-Jan-2024 14:51:06 America/Mexico_City] PHP Deprecated:  Creation of dynamic property App\models\Inventory::$start_date is deprecated in /home/eduardo/Documentos/ICEGEM/IVDA/src/models/Inventory.php on line 29
[16-Jan-2024 14:51:06 America/Mexico_City] PHP Deprecated:  Creation of dynamic property App\models\Inventory::$start_date is deprecated in /home/eduardo/Documentos/ICEGEM/IVDA/src/models/Inventory.php on line 69
[16-Jan-2024 14:51:06 America/Mexico_City] PHP Deprecated:  Creation of dynamic property App\models\Inventory::$start_date is deprecated in /home/eduardo/Documentos/ICEGEM/IVDA/src/models/Inventory.php on line 69
[16-Jan-2024 14:51:06 America/Mexico_City] PHP Deprecated:  Creation of dynamic property App\models\Inventory::$start_date is deprecated in /home/eduardo/Documentos/ICEGEM/IVDA/src/models/Inventory.php on line 69
[16-Jan-2024 14:51:06 America/Mexico_City] PHP Deprecated:  Creation of dynamic property App\models\Inventory::$start_date is deprecated in /home/eduardo/Documentos/ICEGEM/IVDA/src/models/Inventory.php on line 69
[16-Jan-2024 14:51:06 America/Mexico_City] PHP Deprecated:  Creation of dynamic property App\models\Inventory::$start_date is deprecated in /home/eduardo/Documentos/ICEGEM/IVDA/src/models/Inventory.php on line 69
[16-Jan-2024 14:52:01 America/Mexico_City] PHP Fatal error:  Uncaught Error: Class "App\models\AdministrativeUnitInventorySubsecretary" not found in /home/eduardo/Documentos/ICEGEM/IVDA/src/controllers/InventoryController.php:109
Stack trace:
#0 [internal function]: App\controllers\InventoryController->show()
#1 /home/eduardo/Documentos/ICEGEM/IVDA/vendor/bramus/router/src/Bramus/Router/Router.php(482): call_user_func_array()
#2 /home/eduardo/Documentos/ICEGEM/IVDA/vendor/bramus/router/src/Bramus/Router/Router.php(440): Bramus\Router\Router->invoke()
#3 /home/eduardo/Documentos/ICEGEM/IVDA/vendor/bramus/router/src/Bramus/Router/Router.php(287): Bramus\Router\Router->handle()
#4 /home/eduardo/Documentos/ICEGEM/IVDA/src/lib/routes.php(103): Bramus\Router\Router->run()
#5 /home/eduardo/Documentos/ICEGEM/IVDA/public/index.php(15): require('...')
#6 {main}
  thrown in /home/eduardo/Documentos/ICEGEM/IVDA/src/controllers/InventoryController.php on line 109
[16-Jan-2024 14:52:08 America/Mexico_City] PHP Fatal error:  Uncaught Error: Class "App\models\AdministrativeUnitInventorySubsecretary" not found in /home/eduardo/Documentos/ICEGEM/IVDA/src/controllers/InventoryController.php:109
Stack trace:
#0 [internal function]: App\controllers\InventoryController->show()
#1 /home/eduardo/Documentos/ICEGEM/IVDA/vendor/bramus/router/src/Bramus/Router/Router.php(482): call_user_func_array()
#2 /home/eduardo/Documentos/ICEGEM/IVDA/vendor/bramus/router/src/Bramus/Router/Router.php(440): Bramus\Router\Router->invoke()
#3 /home/eduardo/Documentos/ICEGEM/IVDA/vendor/bramus/router/src/Bramus/Router/Router.php(287): Bramus\Router\Router->handle()
#4 /home/eduardo/Documentos/ICEGEM/IVDA/src/lib/routes.php(103): Bramus\Router\Router->run()
#5 /home/eduardo/Documentos/ICEGEM/IVDA/public/index.php(15): require('...')
#6 {main}
  thrown in /home/eduardo/Documentos/ICEGEM/IVDA/src/controllers/InventoryController.php on line 109
[16-Jan-2024 14:59:54 America/Mexico_City] PHP Fatal error:  Uncaught Error: Class "App\models\AdministrativeUnitInventorySubsecretary" not found in /home/eduardo/Documentos/ICEGEM/IVDA/src/controllers/InventoryController.php:113
Stack trace:
#0 [internal function]: App\controllers\InventoryController->show()
#1 /home/eduardo/Documentos/ICEGEM/IVDA/vendor/bramus/router/src/Bramus/Router/Router.php(482): call_user_func_array()
#2 /home/eduardo/Documentos/ICEGEM/IVDA/vendor/bramus/router/src/Bramus/Router/Router.php(440): Bramus\Router\Router->invoke()
#3 /home/eduardo/Documentos/ICEGEM/IVDA/vendor/bramus/router/src/Bramus/Router/Router.php(287): Bramus\Router\Router->handle()
#4 /home/eduardo/Documentos/ICEGEM/IVDA/src/lib/routes.php(103): Bramus\Router\Router->run()
#5 /home/eduardo/Documentos/ICEGEM/IVDA/public/index.php(15): require('...')
#6 {main}
  thrown in /home/eduardo/Documentos/ICEGEM/IVDA/src/controllers/InventoryController.php on line 113
[16-Jan-2024 15:00:09 America/Mexico_City] PHP Fatal error:  Uncaught Error: Class "App\models\AdministrativeUnitInventorySubsecretary" not found in /home/eduardo/Documentos/ICEGEM/IVDA/src/controllers/InventoryController.php:113
Stack trace:
#0 [internal function]: App\controllers\InventoryController->show()
#1 /home/eduardo/Documentos/ICEGEM/IVDA/vendor/bramus/router/src/Bramus/Router/Router.php(482): call_user_func_array()
#2 /home/eduardo/Documentos/ICEGEM/IVDA/vendor/bramus/router/src/Bramus/Router/Router.php(440): Bramus\Router\Router->invoke()
#3 /home/eduardo/Documentos/ICEGEM/IVDA/vendor/bramus/router/src/Bramus/Router/Router.php(287): Bramus\Router\Router->handle()
#4 /home/eduardo/Documentos/ICEGEM/IVDA/src/lib/routes.php(103): Bramus\Router\Router->run()
#5 /home/eduardo/Documentos/ICEGEM/IVDA/public/index.php(15): require('...')
#6 {main}
  thrown in /home/eduardo/Documentos/ICEGEM/IVDA/src/controllers/InventoryController.php on line 113
[16-Jan-2024 15:03:10 America/Mexico_City] PHP Fatal error:  Uncaught Error: Class "App\models\AdministrativeUnitInventorySubsecretary" not found in /home/eduardo/Documentos/ICEGEM/IVDA/src/controllers/InventoryController.php:113
Stack trace:
#0 [internal function]: App\controllers\InventoryController->show()
#1 /home/eduardo/Documentos/ICEGEM/IVDA/vendor/bramus/router/src/Bramus/Router/Router.php(482): call_user_func_array()
#2 /home/eduardo/Documentos/ICEGEM/IVDA/vendor/bramus/router/src/Bramus/Router/Router.php(440): Bramus\Router\Router->invoke()
#3 /home/eduardo/Documentos/ICEGEM/IVDA/vendor/bramus/router/src/Bramus/Router/Router.php(287): Bramus\Router\Router->handle()
#4 /home/eduardo/Documentos/ICEGEM/IVDA/src/lib/routes.php(103): Bramus\Router\Router->run()
#5 /home/eduardo/Documentos/ICEGEM/IVDA/public/index.php(15): require('...')
#6 {main}
  thrown in /home/eduardo/Documentos/ICEGEM/IVDA/src/controllers/InventoryController.php on line 113
[16-Jan-2024 15:04:08 America/Mexico_City] PHP Fatal error:  Uncaught Error: Class "App\models\AdministrativeUnitInventorySubsecretary" not found in /home/eduardo/Documentos/ICEGEM/IVDA/src/controllers/InventoryController.php:113
Stack trace:
#0 [internal function]: App\controllers\InventoryController->show()
#1 /home/eduardo/Documentos/ICEGEM/IVDA/vendor/bramus/router/src/Bramus/Router/Router.php(482): call_user_func_array()
#2 /home/eduardo/Documentos/ICEGEM/IVDA/vendor/bramus/router/src/Bramus/Router/Router.php(440): Bramus\Router\Router->invoke()
#3 /home/eduardo/Documentos/ICEGEM/IVDA/vendor/bramus/router/src/Bramus/Router/Router.php(287): Bramus\Router\Router->handle()
#4 /home/eduardo/Documentos/ICEGEM/IVDA/src/lib/routes.php(103): Bramus\Router\Router->run()
#5 /home/eduardo/Documentos/ICEGEM/IVDA/public/index.php(15): require('...')
#6 {main}
  thrown in /home/eduardo/Documentos/ICEGEM/IVDA/src/controllers/InventoryController.php on line 113
[16-Jan-2024 15:08:09 America/Mexico_City] PHP Fatal error:  Uncaught Error: Class "App\models\AdministrativeUnitInventorySubsecretary" not found in /home/eduardo/Documentos/ICEGEM/IVDA/src/controllers/InventoryController.php:113
Stack trace:
#0 [internal function]: App\controllers\InventoryController->show()
#1 /home/eduardo/Documentos/ICEGEM/IVDA/vendor/bramus/router/src/Bramus/Router/Router.php(482): call_user_func_array()
#2 /home/eduardo/Documentos/ICEGEM/IVDA/vendor/bramus/router/src/Bramus/Router/Router.php(440): Bramus\Router\Router->invoke()
#3 /home/eduardo/Documentos/ICEGEM/IVDA/vendor/bramus/router/src/Bramus/Router/Router.php(287): Bramus\Router\Router->handle()
#4 /home/eduardo/Documentos/ICEGEM/IVDA/src/lib/routes.php(103): Bramus\Router\Router->run()
#5 /home/eduardo/Documentos/ICEGEM/IVDA/public/index.php(15): require('...')
#6 {main}
  thrown in /home/eduardo/Documentos/ICEGEM/IVDA/src/controllers/InventoryController.php on line 113
[16-Jan-2024 15:09:03 America/Mexico_City] PHP Fatal error:  Uncaught Error: Class "App\models\AdministrativeUnitInventorySubsecretary" not found in /home/eduardo/Documentos/ICEGEM/IVDA/src/controllers/InventoryController.php:113
Stack trace:
#0 [internal function]: App\controllers\InventoryController->show()
#1 /home/eduardo/Documentos/ICEGEM/IVDA/vendor/bramus/router/src/Bramus/Router/Router.php(482): call_user_func_array()
#2 /home/eduardo/Documentos/ICEGEM/IVDA/vendor/bramus/router/src/Bramus/Router/Router.php(440): Bramus\Router\Router->invoke()
#3 /home/eduardo/Documentos/ICEGEM/IVDA/vendor/bramus/router/src/Bramus/Router/Router.php(287): Bramus\Router\Router->handle()
#4 /home/eduardo/Documentos/ICEGEM/IVDA/src/lib/routes.php(103): Bramus\Router\Router->run()
#5 /home/eduardo/Documentos/ICEGEM/IVDA/public/index.php(15): require('...')
#6 {main}
  thrown in /home/eduardo/Documentos/ICEGEM/IVDA/src/controllers/InventoryController.php on line 113
[16-Jan-2024 15:10:22 America/Mexico_City] PHP Fatal error:  Uncaught Error: Attempt to assign property "body" on bool in /home/eduardo/Documentos/ICEGEM/IVDA/src/controllers/InventoryController.php:115
Stack trace:
#0 [internal function]: App\controllers\InventoryController->show()
#1 /home/eduardo/Documentos/ICEGEM/IVDA/vendor/bramus/router/src/Bramus/Router/Router.php(482): call_user_func_array()
#2 /home/eduardo/Documentos/ICEGEM/IVDA/vendor/bramus/router/src/Bramus/Router/Router.php(440): Bramus\Router\Router->invoke()
#3 /home/eduardo/Documentos/ICEGEM/IVDA/vendor/bramus/router/src/Bramus/Router/Router.php(287): Bramus\Router\Router->handle()
#4 /home/eduardo/Documentos/ICEGEM/IVDA/src/lib/routes.php(103): Bramus\Router\Router->run()
#5 /home/eduardo/Documentos/ICEGEM/IVDA/public/index.php(15): require('...')
#6 {main}
  thrown in /home/eduardo/Documentos/ICEGEM/IVDA/src/controllers/InventoryController.php on line 115
[16-Jan-2024 15:12:34 America/Mexico_City] PHP Fatal error:  Uncaught Error: Attempt to assign property "body" on bool in /home/eduardo/Documentos/ICEGEM/IVDA/src/controllers/InventoryController.php:115
Stack trace:
#0 [internal function]: App\controllers\InventoryController->show()
#1 /home/eduardo/Documentos/ICEGEM/IVDA/vendor/bramus/router/src/Bramus/Router/Router.php(482): call_user_func_array()
#2 /home/eduardo/Documentos/ICEGEM/IVDA/vendor/bramus/router/src/Bramus/Router/Router.php(440): Bramus\Router\Router->invoke()
#3 /home/eduardo/Documentos/ICEGEM/IVDA/vendor/bramus/router/src/Bramus/Router/Router.php(287): Bramus\Router\Router->handle()
#4 /home/eduardo/Documentos/ICEGEM/IVDA/src/lib/routes.php(103): Bramus\Router\Router->run()
#5 /home/eduardo/Documentos/ICEGEM/IVDA/public/index.php(15): require('...')
#6 {main}
  thrown in /home/eduardo/Documentos/ICEGEM/IVDA/src/controllers/InventoryController.php on line 115
[16-Jan-2024 15:14:36 America/Mexico_City] PHP Fatal error:  Uncaught Error: Call to a member function attachData() on bool in /home/eduardo/Documentos/ICEGEM/IVDA/src/controllers/InventoryController.php:83
Stack trace:
#0 [internal function]: App\controllers\InventoryController->save()
#1 /home/eduardo/Documentos/ICEGEM/IVDA/vendor/bramus/router/src/Bramus/Router/Router.php(482): call_user_func_array()
#2 /home/eduardo/Documentos/ICEGEM/IVDA/vendor/bramus/router/src/Bramus/Router/Router.php(440): Bramus\Router\Router->invoke()
#3 /home/eduardo/Documentos/ICEGEM/IVDA/vendor/bramus/router/src/Bramus/Router/Router.php(287): Bramus\Router\Router->handle()
#4 /home/eduardo/Documentos/ICEGEM/IVDA/src/lib/routes.php(103): Bramus\Router\Router->run()
#5 /home/eduardo/Documentos/ICEGEM/IVDA/public/index.php(15): require('...')
#6 {main}
  thrown in /home/eduardo/Documentos/ICEGEM/IVDA/src/controllers/InventoryController.php on line 83
[16-Jan-2024 15:16:31 America/Mexico_City] PHP Fatal error:  Uncaught Error: Object of class App\controllers\InventoryController could not be converted to string in /home/eduardo/Documentos/ICEGEM/IVDA/src/controllers/InventoryController.php:83
Stack trace:
#0 [internal function]: App\controllers\InventoryController->save()
#1 /home/eduardo/Documentos/ICEGEM/IVDA/vendor/bramus/router/src/Bramus/Router/Router.php(482): call_user_func_array()
#2 /home/eduardo/Documentos/ICEGEM/IVDA/vendor/bramus/router/src/Bramus/Router/Router.php(440): Bramus\Router\Router->invoke()
#3 /home/eduardo/Documentos/ICEGEM/IVDA/vendor/bramus/router/src/Bramus/Router/Router.php(287): Bramus\Router\Router->handle()
#4 /home/eduardo/Documentos/ICEGEM/IVDA/src/lib/routes.php(103): Bramus\Router\Router->run()
#5 /home/eduardo/Documentos/ICEGEM/IVDA/public/index.php(15): require('...')
#6 {main}
  thrown in /home/eduardo/Documentos/ICEGEM/IVDA/src/controllers/InventoryController.php on line 83
[16-Jan-2024 15:21:18 America/Mexico_City] PHP Fatal error:  Uncaught TypeError: App\models\Inventory::findOne(): Argument #1 ($id) must be of type string, stdClass given, called in /home/eduardo/Documentos/ICEGEM/IVDA/src/models/Inventory.php on line 95 and defined in /home/eduardo/Documentos/ICEGEM/IVDA/src/models/Inventory.php:23
Stack trace:
#0 /home/eduardo/Documentos/ICEGEM/IVDA/src/models/Inventory.php(95): App\models\Inventory::findOne()
#1 /home/eduardo/Documentos/ICEGEM/IVDA/src/controllers/InventoryController.php(81): App\models\Inventory->save()
#2 [internal function]: App\controllers\InventoryController->save()
#3 /home/eduardo/Documentos/ICEGEM/IVDA/vendor/bramus/router/src/Bramus/Router/Router.php(482): call_user_func_array()
#4 /home/eduardo/Documentos/ICEGEM/IVDA/vendor/bramus/router/src/Bramus/Router/Router.php(440): Bramus\Router\Router->invoke()
#5 /home/eduardo/Documentos/ICEGEM/IVDA/vendor/bramus/router/src/Bramus/Router/Router.php(287): Bramus\Router\Router->handle()
#6 /home/eduardo/Documentos/ICEGEM/IVDA/src/lib/routes.php(103): Bramus\Router\Router->run()
#7 /home/eduardo/Documentos/ICEGEM/IVDA/public/index.php(15): require('...')
#8 {main}
  thrown in /home/eduardo/Documentos/ICEGEM/IVDA/src/models/Inventory.php on line 23
[16-Jan-2024 15:22:08 America/Mexico_City] PHP Fatal error:  Uncaught Error: Object of class stdClass could not be converted to string in /home/eduardo/Documentos/ICEGEM/IVDA/src/models/Inventory.php:28
Stack trace:
#0 /home/eduardo/Documentos/ICEGEM/IVDA/src/models/Inventory.php(28): PDOStatement->execute()
#1 /home/eduardo/Documentos/ICEGEM/IVDA/src/models/Inventory.php(95): App\models\Inventory::findOne()
#2 /home/eduardo/Documentos/ICEGEM/IVDA/src/controllers/InventoryController.php(81): App\models\Inventory->save()
#3 [internal function]: App\controllers\InventoryController->save()
#4 /home/eduardo/Documentos/ICEGEM/IVDA/vendor/bramus/router/src/Bramus/Router/Router.php(482): call_user_func_array()
#5 /home/eduardo/Documentos/ICEGEM/IVDA/vendor/bramus/router/src/Bramus/Router/Router.php(440): Bramus\Router\Router->invoke()
#6 /home/eduardo/Documentos/ICEGEM/IVDA/vendor/bramus/router/src/Bramus/Router/Router.php(287): Bramus\Router\Router->handle()
#7 /home/eduardo/Documentos/ICEGEM/IVDA/src/lib/routes.php(103): Bramus\Router\Router->run()
#8 /home/eduardo/Documentos/ICEGEM/IVDA/public/index.php(15): require('...')
#9 {main}
  thrown in /home/eduardo/Documentos/ICEGEM/IVDA/src/models/Inventory.php on line 28
[16-Jan-2024 15:28:58 America/Mexico_City] PHP Fatal error:  Uncaught TypeError: App\models\Inventory::findOne(): Argument #1 ($id) must be of type string, stdClass given, called in /home/eduardo/Documentos/ICEGEM/IVDA/src/models/Inventory.php on line 95 and defined in /home/eduardo/Documentos/ICEGEM/IVDA/src/models/Inventory.php:23
Stack trace:
#0 /home/eduardo/Documentos/ICEGEM/IVDA/src/models/Inventory.php(95): App\models\Inventory::findOne()
#1 /home/eduardo/Documentos/ICEGEM/IVDA/src/controllers/InventoryController.php(81): App\models\Inventory->save()
#2 [internal function]: App\controllers\InventoryController->save()
#3 /home/eduardo/Documentos/ICEGEM/IVDA/vendor/bramus/router/src/Bramus/Router/Router.php(482): call_user_func_array()
#4 /home/eduardo/Documentos/ICEGEM/IVDA/vendor/bramus/router/src/Bramus/Router/Router.php(440): Bramus\Router\Router->invoke()
#5 /home/eduardo/Documentos/ICEGEM/IVDA/vendor/bramus/router/src/Bramus/Router/Router.php(287): Bramus\Router\Router->handle()
#6 /home/eduardo/Documentos/ICEGEM/IVDA/src/lib/routes.php(103): Bramus\Router\Router->run()
#7 /home/eduardo/Documentos/ICEGEM/IVDA/public/index.php(15): require('...')
#8 {main}
  thrown in /home/eduardo/Documentos/ICEGEM/IVDA/src/models/Inventory.php on line 23
[16-Jan-2024 15:29:23 America/Mexico_City] PHP Fatal error:  Uncaught TypeError: App\models\Inventory::findOne(): Argument #1 ($id) must be of type string, stdClass given, called in /home/eduardo/Documentos/ICEGEM/IVDA/src/models/Inventory.php on line 95 and defined in /home/eduardo/Documentos/ICEGEM/IVDA/src/models/Inventory.php:23
Stack trace:
#0 /home/eduardo/Documentos/ICEGEM/IVDA/src/models/Inventory.php(95): App\models\Inventory::findOne()
#1 /home/eduardo/Documentos/ICEGEM/IVDA/src/controllers/InventoryController.php(81): App\models\Inventory->save()
#2 [internal function]: App\controllers\InventoryController->save()
#3 /home/eduardo/Documentos/ICEGEM/IVDA/vendor/bramus/router/src/Bramus/Router/Router.php(482): call_user_func_array()
#4 /home/eduardo/Documentos/ICEGEM/IVDA/vendor/bramus/router/src/Bramus/Router/Router.php(440): Bramus\Router\Router->invoke()
#5 /home/eduardo/Documentos/ICEGEM/IVDA/vendor/bramus/router/src/Bramus/Router/Router.php(287): Bramus\Router\Router->handle()
#6 /home/eduardo/Documentos/ICEGEM/IVDA/src/lib/routes.php(103): Bramus\Router\Router->run()
#7 /home/eduardo/Documentos/ICEGEM/IVDA/public/index.php(15): require('...')
#8 {main}
  thrown in /home/eduardo/Documentos/ICEGEM/IVDA/src/models/Inventory.php on line 23
[16-Jan-2024 15:31:10 America/Mexico_City] PHP Fatal error:  Uncaught Error: Object of class stdClass could not be converted to string in /home/eduardo/Documentos/ICEGEM/IVDA/src/models/Inventory.php:94
Stack trace:
#0 /home/eduardo/Documentos/ICEGEM/IVDA/src/controllers/InventoryController.php(81): App\models\Inventory->save()
#1 [internal function]: App\controllers\InventoryController->save()
#2 /home/eduardo/Documentos/ICEGEM/IVDA/vendor/bramus/router/src/Bramus/Router/Router.php(482): call_user_func_array()
#3 /home/eduardo/Documentos/ICEGEM/IVDA/vendor/bramus/router/src/Bramus/Router/Router.php(440): Bramus\Router\Router->invoke()
#4 /home/eduardo/Documentos/ICEGEM/IVDA/vendor/bramus/router/src/Bramus/Router/Router.php(287): Bramus\Router\Router->handle()
#5 /home/eduardo/Documentos/ICEGEM/IVDA/src/lib/routes.php(103): Bramus\Router\Router->run()
#6 /home/eduardo/Documentos/ICEGEM/IVDA/public/index.php(15): require('...')
#7 {main}
  thrown in /home/eduardo/Documentos/ICEGEM/IVDA/src/models/Inventory.php on line 94
[16-Jan-2024 15:32:08 America/Mexico_City] PHP Fatal error:  Uncaught Error: Object of class stdClass could not be converted to string in /home/eduardo/Documentos/ICEGEM/IVDA/src/models/Inventory.php:94
Stack trace:
#0 /home/eduardo/Documentos/ICEGEM/IVDA/src/controllers/InventoryController.php(81): App\models\Inventory->save()
#1 [internal function]: App\controllers\InventoryController->save()
#2 /home/eduardo/Documentos/ICEGEM/IVDA/vendor/bramus/router/src/Bramus/Router/Router.php(482): call_user_func_array()
#3 /home/eduardo/Documentos/ICEGEM/IVDA/vendor/bramus/router/src/Bramus/Router/Router.php(440): Bramus\Router\Router->invoke()
#4 /home/eduardo/Documentos/ICEGEM/IVDA/vendor/bramus/router/src/Bramus/Router/Router.php(287): Bramus\Router\Router->handle()
#5 /home/eduardo/Documentos/ICEGEM/IVDA/src/lib/routes.php(103): Bramus\Router\Router->run()
#6 /home/eduardo/Documentos/ICEGEM/IVDA/public/index.php(15): require('...')
#7 {main}
  thrown in /home/eduardo/Documentos/ICEGEM/IVDA/src/models/Inventory.php on line 94
[16-Jan-2024 15:32:57 America/Mexico_City] PHP Fatal error:  Uncaught Error: Object of class stdClass could not be converted to string in /home/eduardo/Documentos/ICEGEM/IVDA/src/models/Inventory.php:94
Stack trace:
#0 /home/eduardo/Documentos/ICEGEM/IVDA/src/controllers/InventoryController.php(81): App\models\Inventory->save()
#1 [internal function]: App\controllers\InventoryController->save()
#2 /home/eduardo/Documentos/ICEGEM/IVDA/vendor/bramus/router/src/Bramus/Router/Router.php(482): call_user_func_array()
#3 /home/eduardo/Documentos/ICEGEM/IVDA/vendor/bramus/router/src/Bramus/Router/Router.php(440): Bramus\Router\Router->invoke()
#4 /home/eduardo/Documentos/ICEGEM/IVDA/vendor/bramus/router/src/Bramus/Router/Router.php(287): Bramus\Router\Router->handle()
#5 /home/eduardo/Documentos/ICEGEM/IVDA/src/lib/routes.php(103): Bramus\Router\Router->run()
#6 /home/eduardo/Documentos/ICEGEM/IVDA/public/index.php(15): require('...')
#7 {main}
  thrown in /home/eduardo/Documentos/ICEGEM/IVDA/src/models/Inventory.php on line 94
[16-Jan-2024 15:34:41 America/Mexico_City] PHP Fatal error:  Uncaught Error: Object of class stdClass could not be converted to string in /home/eduardo/Documentos/ICEGEM/IVDA/src/models/Inventory.php:94
Stack trace:
#0 /home/eduardo/Documentos/ICEGEM/IVDA/src/controllers/InventoryController.php(80): App\models\Inventory->save()
#1 [internal function]: App\controllers\InventoryController->save()
#2 /home/eduardo/Documentos/ICEGEM/IVDA/vendor/bramus/router/src/Bramus/Router/Router.php(482): call_user_func_array()
#3 /home/eduardo/Documentos/ICEGEM/IVDA/vendor/bramus/router/src/Bramus/Router/Router.php(440): Bramus\Router\Router->invoke()
#4 /home/eduardo/Documentos/ICEGEM/IVDA/vendor/bramus/router/src/Bramus/Router/Router.php(287): Bramus\Router\Router->handle()
#5 /home/eduardo/Documentos/ICEGEM/IVDA/src/lib/routes.php(103): Bramus\Router\Router->run()
#6 /home/eduardo/Documentos/ICEGEM/IVDA/public/index.php(15): require('...')
#7 {main}
  thrown in /home/eduardo/Documentos/ICEGEM/IVDA/src/models/Inventory.php on line 94
[16-Jan-2024 16:38:25 America/Mexico_City] PHP Fatal error:  Uncaught Error: Class "App\models\AdministrativeUnit" not found in /home/eduardo/Documentos/ICEGEM/IVDA/src/controllers/HomeController.php:25
Stack trace:
#0 [internal function]: App\controllers\HomeController->getDashboardData()
#1 /home/eduardo/Documentos/ICEGEM/IVDA/vendor/bramus/router/src/Bramus/Router/Router.php(482): call_user_func_array()
#2 /home/eduardo/Documentos/ICEGEM/IVDA/vendor/bramus/router/src/Bramus/Router/Router.php(440): Bramus\Router\Router->invoke()
#3 /home/eduardo/Documentos/ICEGEM/IVDA/vendor/bramus/router/src/Bramus/Router/Router.php(287): Bramus\Router\Router->handle()
#4 /home/eduardo/Documentos/ICEGEM/IVDA/src/lib/routes.php(103): Bramus\Router\Router->run()
#5 /home/eduardo/Documentos/ICEGEM/IVDA/public/index.php(15): require('...')
#6 {main}
  thrown in /home/eduardo/Documentos/ICEGEM/IVDA/src/controllers/HomeController.php on line 25
[16-Jan-2024 16:42:20 America/Mexico_City] PHP Fatal error:  Uncaught Error: Class "App\models\AdministrativeUnit" not found in /home/eduardo/Documentos/ICEGEM/IVDA/src/controllers/HomeController.php:25
Stack trace:
#0 [internal function]: App\controllers\HomeController->getDashboardData()
#1 /home/eduardo/Documentos/ICEGEM/IVDA/vendor/bramus/router/src/Bramus/Router/Router.php(482): call_user_func_array()
#2 /home/eduardo/Documentos/ICEGEM/IVDA/vendor/bramus/router/src/Bramus/Router/Router.php(440): Bramus\Router\Router->invoke()
#3 /home/eduardo/Documentos/ICEGEM/IVDA/vendor/bramus/router/src/Bramus/Router/Router.php(287): Bramus\Router\Router->handle()
#4 /home/eduardo/Documentos/ICEGEM/IVDA/src/lib/routes.php(103): Bramus\Router\Router->run()
#5 /home/eduardo/Documentos/ICEGEM/IVDA/public/index.php(15): require('...')
#6 {main}
  thrown in /home/eduardo/Documentos/ICEGEM/IVDA/src/controllers/HomeController.php on line 25
[16-Jan-2024 16:43:32 America/Mexico_City] PHP Fatal error:  Uncaught Error: Class "App\models\AdministrativeUnit" not found in /home/eduardo/Documentos/ICEGEM/IVDA/src/controllers/HomeController.php:25
Stack trace:
#0 [internal function]: App\controllers\HomeController->getDashboardData()
#1 /home/eduardo/Documentos/ICEGEM/IVDA/vendor/bramus/router/src/Bramus/Router/Router.php(482): call_user_func_array()
#2 /home/eduardo/Documentos/ICEGEM/IVDA/vendor/bramus/router/src/Bramus/Router/Router.php(440): Bramus\Router\Router->invoke()
#3 /home/eduardo/Documentos/ICEGEM/IVDA/vendor/bramus/router/src/Bramus/Router/Router.php(287): Bramus\Router\Router->handle()
#4 /home/eduardo/Documentos/ICEGEM/IVDA/src/lib/routes.php(103): Bramus\Router\Router->run()
#5 /home/eduardo/Documentos/ICEGEM/IVDA/public/index.php(15): require('...')
#6 {main}
  thrown in /home/eduardo/Documentos/ICEGEM/IVDA/src/controllers/HomeController.php on line 25
[16-Jan-2024 16:44:45 America/Mexico_City] PHP Fatal error:  Uncaught Error: Class "App\models\AdministrativeUnit" not found in /home/eduardo/Documentos/ICEGEM/IVDA/src/controllers/HomeController.php:25
Stack trace:
#0 [internal function]: App\controllers\HomeController->getDashboardData()
#1 /home/eduardo/Documentos/ICEGEM/IVDA/vendor/bramus/router/src/Bramus/Router/Router.php(482): call_user_func_array()
#2 /home/eduardo/Documentos/ICEGEM/IVDA/vendor/bramus/router/src/Bramus/Router/Router.php(440): Bramus\Router\Router->invoke()
#3 /home/eduardo/Documentos/ICEGEM/IVDA/vendor/bramus/router/src/Bramus/Router/Router.php(287): Bramus\Router\Router->handle()
#4 /home/eduardo/Documentos/ICEGEM/IVDA/src/lib/routes.php(103): Bramus\Router\Router->run()
#5 /home/eduardo/Documentos/ICEGEM/IVDA/public/index.php(15): require('...')
#6 {main}
  thrown in /home/eduardo/Documentos/ICEGEM/IVDA/src/controllers/HomeController.php on line 25
[16-Jan-2024 16:48:27 America/Mexico_City] PHP Fatal error:  Uncaught Error: Class "App\models\AdministrativeUnit" not found in /home/eduardo/Documentos/ICEGEM/IVDA/src/controllers/HomeController.php:25
Stack trace:
#0 [internal function]: App\controllers\HomeController->getDashboardData()
#1 /home/eduardo/Documentos/ICEGEM/IVDA/vendor/bramus/router/src/Bramus/Router/Router.php(482): call_user_func_array()
#2 /home/eduardo/Documentos/ICEGEM/IVDA/vendor/bramus/router/src/Bramus/Router/Router.php(440): Bramus\Router\Router->invoke()
#3 /home/eduardo/Documentos/ICEGEM/IVDA/vendor/bramus/router/src/Bramus/Router/Router.php(287): Bramus\Router\Router->handle()
#4 /home/eduardo/Documentos/ICEGEM/IVDA/src/lib/routes.php(103): Bramus\Router\Router->run()
#5 /home/eduardo/Documentos/ICEGEM/IVDA/public/index.php(15): require('...')
#6 {main}
  thrown in /home/eduardo/Documentos/ICEGEM/IVDA/src/controllers/HomeController.php on line 25
[16-Jan-2024 16:49:34 America/Mexico_City] PHP Fatal error:  Uncaught Error: Class "App\models\AdministrativeUnit" not found in /home/eduardo/Documentos/ICEGEM/IVDA/src/controllers/HomeController.php:25
Stack trace:
#0 [internal function]: App\controllers\HomeController->getDashboardData()
#1 /home/eduardo/Documentos/ICEGEM/IVDA/vendor/bramus/router/src/Bramus/Router/Router.php(482): call_user_func_array()
#2 /home/eduardo/Documentos/ICEGEM/IVDA/vendor/bramus/router/src/Bramus/Router/Router.php(440): Bramus\Router\Router->invoke()
#3 /home/eduardo/Documentos/ICEGEM/IVDA/vendor/bramus/router/src/Bramus/Router/Router.php(287): Bramus\Router\Router->handle()
#4 /home/eduardo/Documentos/ICEGEM/IVDA/src/lib/routes.php(103): Bramus\Router\Router->run()
#5 /home/eduardo/Documentos/ICEGEM/IVDA/public/index.php(15): require('...')
#6 {main}
  thrown in /home/eduardo/Documentos/ICEGEM/IVDA/src/controllers/HomeController.php on line 25
[16-Jan-2024 16:53:48 America/Mexico_City] PHP Fatal error:  Uncaught Error: Class "App\models\AdministrativeUnit" not found in /home/eduardo/Documentos/ICEGEM/IVDA/src/controllers/HomeController.php:25
Stack trace:
#0 [internal function]: App\controllers\HomeController->getDashboardData()
#1 /home/eduardo/Documentos/ICEGEM/IVDA/vendor/bramus/router/src/Bramus/Router/Router.php(482): call_user_func_array()
#2 /home/eduardo/Documentos/ICEGEM/IVDA/vendor/bramus/router/src/Bramus/Router/Router.php(440): Bramus\Router\Router->invoke()
#3 /home/eduardo/Documentos/ICEGEM/IVDA/vendor/bramus/router/src/Bramus/Router/Router.php(287): Bramus\Router\Router->handle()
#4 /home/eduardo/Documentos/ICEGEM/IVDA/src/lib/routes.php(103): Bramus\Router\Router->run()
#5 /home/eduardo/Documentos/ICEGEM/IVDA/public/index.php(15): require('...')
#6 {main}
  thrown in /home/eduardo/Documentos/ICEGEM/IVDA/src/controllers/HomeController.php on line 25
[16-Jan-2024 16:54:56 America/Mexico_City] PHP Fatal error:  Uncaught Error: Class "App\models\AdministrativeUnit" not found in /home/eduardo/Documentos/ICEGEM/IVDA/src/controllers/HomeController.php:25
Stack trace:
#0 [internal function]: App\controllers\HomeController->getDashboardData()
#1 /home/eduardo/Documentos/ICEGEM/IVDA/vendor/bramus/router/src/Bramus/Router/Router.php(482): call_user_func_array()
#2 /home/eduardo/Documentos/ICEGEM/IVDA/vendor/bramus/router/src/Bramus/Router/Router.php(440): Bramus\Router\Router->invoke()
#3 /home/eduardo/Documentos/ICEGEM/IVDA/vendor/bramus/router/src/Bramus/Router/Router.php(287): Bramus\Router\Router->handle()
#4 /home/eduardo/Documentos/ICEGEM/IVDA/src/lib/routes.php(103): Bramus\Router\Router->run()
#5 /home/eduardo/Documentos/ICEGEM/IVDA/public/index.php(15): require('...')
#6 {main}
  thrown in /home/eduardo/Documentos/ICEGEM/IVDA/src/controllers/HomeController.php on line 25
[16-Jan-2024 17:00:01 America/Mexico_City] PHP Fatal error:  Uncaught ArgumentCountError: Too few arguments to function App\models\Inventory::attachData(), 0 passed in /home/eduardo/Documentos/ICEGEM/IVDA/src/controllers/InventoryController.php on line 81 and exactly 4 expected in /home/eduardo/Documentos/ICEGEM/IVDA/src/models/Inventory.php:116
Stack trace:
#0 /home/eduardo/Documentos/ICEGEM/IVDA/src/controllers/InventoryController.php(81): App\models\Inventory->attachData()
#1 [internal function]: App\controllers\InventoryController->save()
#2 /home/eduardo/Documentos/ICEGEM/IVDA/vendor/bramus/router/src/Bramus/Router/Router.php(482): call_user_func_array()
#3 /home/eduardo/Documentos/ICEGEM/IVDA/vendor/bramus/router/src/Bramus/Router/Router.php(440): Bramus\Router\Router->invoke()
#4 /home/eduardo/Documentos/ICEGEM/IVDA/vendor/bramus/router/src/Bramus/Router/Router.php(287): Bramus\Router\Router->handle()
#5 /home/eduardo/Documentos/ICEGEM/IVDA/src/lib/routes.php(103): Bramus\Router\Router->run()
#6 /home/eduardo/Documentos/ICEGEM/IVDA/public/index.php(15): require('...')
#7 {main}
  thrown in /home/eduardo/Documentos/ICEGEM/IVDA/src/models/Inventory.php on line 116
[16-Jan-2024 17:33:34 America/Mexico_City] PHP Fatal error:  Uncaught Error: Class "App\models\AdministrativeUnitInventorySubsecretary" not found in /home/eduardo/Documentos/ICEGEM/IVDA/src/controllers/InventoryController.php:134
Stack trace:
#0 [internal function]: App\controllers\InventoryController->addFile()
#1 /home/eduardo/Documentos/ICEGEM/IVDA/vendor/bramus/router/src/Bramus/Router/Router.php(482): call_user_func_array()
#2 /home/eduardo/Documentos/ICEGEM/IVDA/vendor/bramus/router/src/Bramus/Router/Router.php(440): Bramus\Router\Router->invoke()
#3 /home/eduardo/Documentos/ICEGEM/IVDA/vendor/bramus/router/src/Bramus/Router/Router.php(287): Bramus\Router\Router->handle()
#4 /home/eduardo/Documentos/ICEGEM/IVDA/src/lib/routes.php(103): Bramus\Router\Router->run()
#5 /home/eduardo/Documentos/ICEGEM/IVDA/public/index.php(15): require('...')
#6 {main}
  thrown in /home/eduardo/Documentos/ICEGEM/IVDA/src/controllers/InventoryController.php on line 134
[16-Jan-2024 17:37:22 America/Mexico_City] PHP Fatal error:  Uncaught Error: Class "App\models\AdministrativeUnitInventorySubsecretary" not found in /home/eduardo/Documentos/ICEGEM/IVDA/src/controllers/InventoryController.php:134
Stack trace:
#0 [internal function]: App\controllers\InventoryController->addFile()
#1 /home/eduardo/Documentos/ICEGEM/IVDA/vendor/bramus/router/src/Bramus/Router/Router.php(482): call_user_func_array()
#2 /home/eduardo/Documentos/ICEGEM/IVDA/vendor/bramus/router/src/Bramus/Router/Router.php(440): Bramus\Router\Router->invoke()
#3 /home/eduardo/Documentos/ICEGEM/IVDA/vendor/bramus/router/src/Bramus/Router/Router.php(287): Bramus\Router\Router->handle()
#4 /home/eduardo/Documentos/ICEGEM/IVDA/src/lib/routes.php(103): Bramus\Router\Router->run()
#5 /home/eduardo/Documentos/ICEGEM/IVDA/public/index.php(15): require('...')
#6 {main}
  thrown in /home/eduardo/Documentos/ICEGEM/IVDA/src/controllers/InventoryController.php on line 134
[16-Jan-2024 17:43:19 America/Mexico_City] PHP Fatal error:  Uncaught Error: Class "App\models\AdministrativeUnitInventorySubsecretary" not found in /home/eduardo/Documentos/ICEGEM/IVDA/src/controllers/InventoryController.php:148
Stack trace:
#0 [internal function]: App\controllers\InventoryController->deleteFile()
#1 /home/eduardo/Documentos/ICEGEM/IVDA/vendor/bramus/router/src/Bramus/Router/Router.php(482): call_user_func_array()
#2 /home/eduardo/Documentos/ICEGEM/IVDA/vendor/bramus/router/src/Bramus/Router/Router.php(440): Bramus\Router\Router->invoke()
#3 /home/eduardo/Documentos/ICEGEM/IVDA/vendor/bramus/router/src/Bramus/Router/Router.php(287): Bramus\Router\Router->handle()
#4 /home/eduardo/Documentos/ICEGEM/IVDA/src/lib/routes.php(103): Bramus\Router\Router->run()
#5 /home/eduardo/Documentos/ICEGEM/IVDA/public/index.php(15): require('...')
#6 {main}
  thrown in /home/eduardo/Documentos/ICEGEM/IVDA/src/controllers/InventoryController.php on line 148
[16-Jan-2024 17:49:36 America/Mexico_City] PHP Fatal error:  Uncaught Error: Class "App\models\AdministrativeUnit" not found in /home/eduardo/Documentos/ICEGEM/IVDA/src/controllers/HomeController.php:25
Stack trace:
#0 [internal function]: App\controllers\HomeController->getDashboardData()
#1 /home/eduardo/Documentos/ICEGEM/IVDA/vendor/bramus/router/src/Bramus/Router/Router.php(482): call_user_func_array()
#2 /home/eduardo/Documentos/ICEGEM/IVDA/vendor/bramus/router/src/Bramus/Router/Router.php(440): Bramus\Router\Router->invoke()
#3 /home/eduardo/Documentos/ICEGEM/IVDA/vendor/bramus/router/src/Bramus/Router/Router.php(287): Bramus\Router\Router->handle()
#4 /home/eduardo/Documentos/ICEGEM/IVDA/src/lib/routes.php(103): Bramus\Router\Router->run()
#5 /home/eduardo/Documentos/ICEGEM/IVDA/public/index.php(15): require('...')
#6 {main}
  thrown in /home/eduardo/Documentos/ICEGEM/IVDA/src/controllers/HomeController.php on line 25
